<?xml version="1.0" encoding="UTF-8"?>
<!-- Generated by org.testng.reporters.JUnitReportReporter -->
<testsuite hostname="GSOD-NBRYANT" name="loginPage.EmployeeLogin" tests="2" failures="0" timestamp="13 May 2015 18:18:13 GMT" time="24.838" errors="0">
  <testcase name="EmployeeLoginTest" time="19.367" classname="loginPage.EmployeeLogin"/>
  <testcase name="EmployeeLogoutTest" time="5.471" classname="loginPage.EmployeeLogin"/>
</testsuite> <!-- loginPage.EmployeeLogin -->
