<?xml version="1.0" encoding="UTF-8"?>
<!-- Generated by org.testng.reporters.JUnitReportReporter -->
<testsuite hostname="GSOD-NBRYANT" name="directoryPage.ColumnSorts$EmployeeDirectoryLoads" tests="7" failures="0" timestamp="13 May 2015 18:18:13 GMT" time="28.212" errors="0">
  <testcase name="ColumnSortSupervisorTest" time="3.846" classname="directoryPage.ColumnSorts$EmployeeDirectoryLoads"/>
  <testcase name="ColumnSortCellPhoneTest" time="3.951" classname="directoryPage.ColumnSorts$EmployeeDirectoryLoads"/>
  <testcase name="ColumnSortDeptTest" time="3.962" classname="directoryPage.ColumnSorts$EmployeeDirectoryLoads"/>
  <testcase name="ColumnSortFirstNameTest" time="4.617" classname="directoryPage.ColumnSorts$EmployeeDirectoryLoads"/>
  <testcase name="ColumnSortLastNameTest" time="3.876" classname="directoryPage.ColumnSorts$EmployeeDirectoryLoads"/>
  <testcase name="ColumnSortIMNameTest" time="4.064" classname="directoryPage.ColumnSorts$EmployeeDirectoryLoads"/>
  <testcase name="ColumnSortOfficePhoneTest" time="3.896" classname="directoryPage.ColumnSorts$EmployeeDirectoryLoads"/>
</testsuite> <!-- directoryPage.ColumnSorts$EmployeeDirectoryLoads -->
