<?xml version="1.0" encoding="UTF-8"?>
<!-- Generated by org.testng.reporters.JUnitReportReporter -->
<testsuite hostname="GSOD-NBRYANT" name="calendarPage.EmployeeCalendarLoads" tests="1" failures="0" timestamp="13 May 2015 18:18:13 GMT" time="0.160" errors="0">
  <testcase name="EmployeeCalendarTest" time="0.160" classname="calendarPage.EmployeeCalendarLoads"/>
</testsuite> <!-- calendarPage.EmployeeCalendarLoads -->
