<?xml version="1.0" encoding="UTF-8"?>
<!-- Generated by org.testng.reporters.JUnitReportReporter -->
<testsuite hostname="GSOD-NBRYANT" name="ProjectsPage.EmployeeProjectsLoads" tests="1" failures="0" timestamp="13 May 2015 18:18:13 GMT" time="0.294" errors="0">
  <testcase name="EmployeeProjectsTest" time="0.294" classname="ProjectsPage.EmployeeProjectsLoads"/>
</testsuite> <!-- ProjectsPage.EmployeeProjectsLoads -->
