<?xml version="1.0" encoding="UTF-8"?>
<!-- Generated by org.testng.reporters.JUnitReportReporter -->
<testsuite hostname="GSOD-NBRYANT" name="calendarPage.EmployeeCalendar" tests="1" failures="0" timestamp="21 Apr 2015 11:44:23 GMT" time="0.140" errors="0">
  <testcase name="EmployeeCalendarTest" time="0.140" classname="calendarPage.EmployeeCalendar"/>
</testsuite> <!-- calendarPage.EmployeeCalendar -->
